<?xml version="1.0" encoding="UTF-8"?>
<testsuite xmlns:xsi="http://www.w3.org/2001/XMLSchema-instance" xsi:noNamespaceSchemaLocation="https://maven.apache.org/surefire/maven-surefire-plugin/xsd/surefire-test-report-3.0.xsd" version="3.0" name="com.max.BookingServiceTest" time="0.746" tests="2" errors="0" skipped="0" failures="0">
  <properties>
[...]
</properties>
  <testcase name="testBookingSuccess" classname="com.max.BookingServiceTest" time="0.718">
    <system-err><![CDATA[Mockito is currently self-attaching to enable the inline-mock-maker. This will no longer work in future releases of the JDK. Please add Mockito as an agent to your build what is described in Mockito's documentation: https://javadoc.io/doc/org.mockito/mockito-core/latest/org/mockito/Mockito.html#0.3
WARNING: A Java agent has been loaded dynamically (C:\Users\admin\.m2\repository\net\bytebuddy\byte-buddy-agent\1.15.4\byte-buddy-agent-1.15.4.jar)
WARNING: If a serviceability tool is in use, please run with -XX:+EnableDynamicAgentLoading to hide this warning
WARNING: If a serviceability tool is not in use, please run with -Djdk.instrument.traceUsage for more information
WARNING: Dynamic loading of agents will be disallowed by default in a future release
дек. 11, 2024 12:48:46 PM com.max.BookingService book
INFO: Booking request received: userId=user123, from=2024-12-15T10:00, to=2024-12-15T11:00
дек. 11, 2024 12:48:46 PM com.max.BookingService book
INFO: Booking successful: true
]]></system-err>
  </testcase>
  <testcase name="testBookingFailure" classname="com.max.BookingServiceTest" time="0.01">
    <system-err><![CDATA[дек. 11, 2024 12:48:46 PM com.max.BookingService book
INFO: Booking request received: userId=user123, from=2024-12-15T10:00, to=2024-12-15T11:00
дек. 11, 2024 12:48:46 PM com.max.BookingService book
WARNING: Booking failed: slot unavailable.
]]></system-err>
  </testcase>
</testsuite>